<?xml version="1.0" encoding="UTF-8"?>
<testsuite xmlns:xsi="http://www.w3.org/2001/XMLSchema-instance" xsi:noNamespaceSchemaLocation="https://maven.apache.org/surefire/maven-surefire-plugin/xsd/surefire-test-report.xsd" name="TestSuite" time="114.815" tests="6" errors="0" skipped="0" failures="0">
  <properties>
    <property name="sun.desktop" value="gnome"/>
    <property name="awt.toolkit" value="sun.awt.X11.XToolkit"/>
    <property name="file.encoding.pkg" value="sun.io"/>
    <property name="java.specification.version" value="1.8"/>
    <property name="sun.cpu.isalist" value=""/>
    <property name="sun.jnu.encoding" value="UTF-8"/>
    <property name="java.class.path" value="/home/diffblue/rabia.marzhiya/IdeaProjects/AutomationTask/target/test-classes:/home/diffblue/rabia.marzhiya/IdeaProjects/AutomationTask/target/classes:/home/diffblue/rabia.marzhiya/.m2/repository/junit/junit/3.8.1/junit-3.8.1.jar:/home/diffblue/rabia.marzhiya/.m2/repository/org/apache/poi/poi-ooxml/3.17/poi-ooxml-3.17.jar:/home/diffblue/rabia.marzhiya/.m2/repository/org/apache/poi/poi-ooxml-schemas/3.17/poi-ooxml-schemas-3.17.jar:/home/diffblue/rabia.marzhiya/.m2/repository/org/apache/xmlbeans/xmlbeans/2.6.0/xmlbeans-2.6.0.jar:/home/diffblue/rabia.marzhiya/.m2/repository/stax/stax-api/1.0.1/stax-api-1.0.1.jar:/home/diffblue/rabia.marzhiya/.m2/repository/com/github/virtuald/curvesapi/1.04/curvesapi-1.04.jar:/home/diffblue/rabia.marzhiya/.m2/repository/org/apache/poi/poi/3.17/poi-3.17.jar:/home/diffblue/rabia.marzhiya/.m2/repository/commons-codec/commons-codec/1.10/commons-codec-1.10.jar:/home/diffblue/rabia.marzhiya/.m2/repository/org/apache/commons/commons-collections4/4.1/commons-collections4-4.1.jar:/home/diffblue/rabia.marzhiya/.m2/repository/org/seleniumhq/selenium/selenium-java/3.4.0/selenium-java-3.4.0.jar:/home/diffblue/rabia.marzhiya/.m2/repository/org/seleniumhq/selenium/selenium-api/3.4.0/selenium-api-3.4.0.jar:/home/diffblue/rabia.marzhiya/.m2/repository/org/seleniumhq/selenium/selenium-chrome-driver/3.4.0/selenium-chrome-driver-3.4.0.jar:/home/diffblue/rabia.marzhiya/.m2/repository/org/seleniumhq/selenium/selenium-edge-driver/3.4.0/selenium-edge-driver-3.4.0.jar:/home/diffblue/rabia.marzhiya/.m2/repository/org/seleniumhq/selenium/selenium-firefox-driver/3.4.0/selenium-firefox-driver-3.4.0.jar:/home/diffblue/rabia.marzhiya/.m2/repository/org/seleniumhq/selenium/selenium-ie-driver/3.4.0/selenium-ie-driver-3.4.0.jar:/home/diffblue/rabia.marzhiya/.m2/repository/org/seleniumhq/selenium/selenium-opera-driver/3.4.0/selenium-opera-driver-3.4.0.jar:/home/diffblue/rabia.marzhiya/.m2/repository/org/seleniumhq/selenium/selenium-remote-driver/3.4.0/selenium-remote-driver-3.4.0.jar:/home/diffblue/rabia.marzhiya/.m2/repository/org/seleniumhq/selenium/selenium-safari-driver/3.4.0/selenium-safari-driver-3.4.0.jar:/home/diffblue/rabia.marzhiya/.m2/repository/org/seleniumhq/selenium/selenium-support/3.4.0/selenium-support-3.4.0.jar:/home/diffblue/rabia.marzhiya/.m2/repository/cglib/cglib-nodep/3.2.4/cglib-nodep-3.2.4.jar:/home/diffblue/rabia.marzhiya/.m2/repository/org/apache/commons/commons-exec/1.3/commons-exec-1.3.jar:/home/diffblue/rabia.marzhiya/.m2/repository/org/apache/commons/commons-lang3/3.5/commons-lang3-3.5.jar:/home/diffblue/rabia.marzhiya/.m2/repository/commons-io/commons-io/2.5/commons-io-2.5.jar:/home/diffblue/rabia.marzhiya/.m2/repository/commons-logging/commons-logging/1.2/commons-logging-1.2.jar:/home/diffblue/rabia.marzhiya/.m2/repository/org/w3c/css/sac/1.3/sac-1.3.jar:/home/diffblue/rabia.marzhiya/.m2/repository/net/sourceforge/cssparser/cssparser/0.9.22/cssparser-0.9.22.jar:/home/diffblue/rabia.marzhiya/.m2/repository/com/google/code/gson/gson/2.8.0/gson-2.8.0.jar:/home/diffblue/rabia.marzhiya/.m2/repository/com/google/guava/guava/21.0/guava-21.0.jar:/home/diffblue/rabia.marzhiya/.m2/repository/org/hamcrest/hamcrest-core/1.3/hamcrest-core-1.3.jar:/home/diffblue/rabia.marzhiya/.m2/repository/net/sourceforge/htmlunit/htmlunit/2.26/htmlunit-2.26.jar:/home/diffblue/rabia.marzhiya/.m2/repository/net/sourceforge/htmlunit/htmlunit-core-js/2.26/htmlunit-core-js-2.26.jar:/home/diffblue/rabia.marzhiya/.m2/repository/net/sourceforge/htmlunit/neko-htmlunit/2.25/neko-htmlunit-2.25.jar:/home/diffblue/rabia.marzhiya/.m2/repository/org/apache/httpcomponents/httpclient/4.5.3/httpclient-4.5.3.jar:/home/diffblue/rabia.marzhiya/.m2/repository/org/apache/httpcomponents/httpcore/4.4.6/httpcore-4.4.6.jar:/home/diffblue/rabia.marzhiya/.m2/repository/org/apache/httpcomponents/httpmime/4.5.3/httpmime-4.5.3.jar:/home/diffblue/rabia.marzhiya/.m2/repository/org/eclipse/jetty/jetty-io/9.4.1.v20170120/jetty-io-9.4.1.v20170120.jar:/home/diffblue/rabia.marzhiya/.m2/repository/org/eclipse/jetty/jetty-util/9.4.1.v20170120/jetty-util-9.4.1.v20170120.jar:/home/diffblue/rabia.marzhiya/.m2/repository/net/java/dev/jna/jna/4.1.0/jna-4.1.0.jar:/home/diffblue/rabia.marzhiya/.m2/repository/net/java/dev/jna/jna-platform/4.1.0/jna-platform-4.1.0.jar:/home/diffblue/rabia.marzhiya/.m2/repository/com/codeborne/phantomjsdriver/1.4.0/phantomjsdriver-1.4.0.jar:/home/diffblue/rabia.marzhiya/.m2/repository/org/seleniumhq/selenium/htmlunit-driver/2.26/htmlunit-driver-2.26.jar:/home/diffblue/rabia.marzhiya/.m2/repository/javax/servlet/javax.servlet-api/3.1.0/javax.servlet-api-3.1.0.jar:/home/diffblue/rabia.marzhiya/.m2/repository/org/eclipse/jetty/websocket/websocket-api/9.4.3.v20170317/websocket-api-9.4.3.v20170317.jar:/home/diffblue/rabia.marzhiya/.m2/repository/org/eclipse/jetty/websocket/websocket-client/9.4.3.v20170317/websocket-client-9.4.3.v20170317.jar:/home/diffblue/rabia.marzhiya/.m2/repository/org/eclipse/jetty/jetty-client/9.4.3.v20170317/jetty-client-9.4.3.v20170317.jar:/home/diffblue/rabia.marzhiya/.m2/repository/org/eclipse/jetty/jetty-http/9.4.3.v20170317/jetty-http-9.4.3.v20170317.jar:/home/diffblue/rabia.marzhiya/.m2/repository/org/eclipse/jetty/websocket/websocket-common/9.4.3.v20170317/websocket-common-9.4.3.v20170317.jar:/home/diffblue/rabia.marzhiya/.m2/repository/xalan/serializer/2.7.2/serializer-2.7.2.jar:/home/diffblue/rabia.marzhiya/.m2/repository/xalan/xalan/2.7.2/xalan-2.7.2.jar:/home/diffblue/rabia.marzhiya/.m2/repository/xerces/xercesImpl/2.11.0/xercesImpl-2.11.0.jar:/home/diffblue/rabia.marzhiya/.m2/repository/xml-apis/xml-apis/1.4.01/xml-apis-1.4.01.jar:/home/diffblue/rabia.marzhiya/.m2/repository/io/github/bonigarcia/webdrivermanager/1.6.0/webdrivermanager-1.6.0.jar:/home/diffblue/rabia.marzhiya/.m2/repository/org/slf4j/slf4j-api/1.7.12/slf4j-api-1.7.12.jar:/home/diffblue/rabia.marzhiya/.m2/repository/com/typesafe/config/1.2.1/config-1.2.1.jar:/home/diffblue/rabia.marzhiya/.m2/repository/org/rauschig/jarchivelib/0.7.1/jarchivelib-0.7.1.jar:/home/diffblue/rabia.marzhiya/.m2/repository/org/apache/commons/commons-compress/1.9/commons-compress-1.9.jar:/home/diffblue/rabia.marzhiya/.m2/repository/org/jsoup/jsoup/1.9.2/jsoup-1.9.2.jar:/home/diffblue/rabia.marzhiya/.m2/repository/org/testng/testng/6.9.10/testng-6.9.10.jar:/home/diffblue/rabia.marzhiya/.m2/repository/com/beust/jcommander/1.48/jcommander-1.48.jar:/home/diffblue/rabia.marzhiya/.m2/repository/org/beanshell/bsh/2.0b4/bsh-2.0b4.jar:/home/diffblue/rabia.marzhiya/.m2/repository/org/apache/maven/surefire/surefire-testng-utils/2.20.1/surefire-testng-utils-2.20.1.jar:/home/diffblue/rabia.marzhiya/.m2/repository/org/apache/maven/surefire/surefire-grouper/2.20.1/surefire-grouper-2.20.1.jar:"/>
    <property name="java.vm.vendor" value="Oracle Corporation"/>
    <property name="sun.arch.data.model" value="64"/>
    <property name="java.vendor.url" value="http://java.oracle.com/"/>
    <property name="user.timezone" value=""/>
    <property name="java.vm.specification.version" value="1.8"/>
    <property name="os.name" value="Linux"/>
    <property name="user.country" value="GB"/>
    <property name="sun.java.launcher" value="SUN_STANDARD"/>
    <property name="sun.boot.library.path" value="/usr/lib/jvm/java-8-openjdk-amd64/jre/lib/amd64"/>
    <property name="sun.java.command" value="/home/diffblue/rabia.marzhiya/IdeaProjects/AutomationTask/target/surefire/surefirebooter1644899491365323441.jar /home/diffblue/rabia.marzhiya/IdeaProjects/AutomationTask/target/surefire 2018-02-18T11-10-09_002-jvmRun1 surefire620870958495654961tmp surefire_02107713814595075353tmp"/>
    <property name="surefire.test.class.path" value="/home/diffblue/rabia.marzhiya/IdeaProjects/AutomationTask/target/test-classes:/home/diffblue/rabia.marzhiya/IdeaProjects/AutomationTask/target/classes:/home/diffblue/rabia.marzhiya/.m2/repository/junit/junit/3.8.1/junit-3.8.1.jar:/home/diffblue/rabia.marzhiya/.m2/repository/org/apache/poi/poi-ooxml/3.17/poi-ooxml-3.17.jar:/home/diffblue/rabia.marzhiya/.m2/repository/org/apache/poi/poi-ooxml-schemas/3.17/poi-ooxml-schemas-3.17.jar:/home/diffblue/rabia.marzhiya/.m2/repository/org/apache/xmlbeans/xmlbeans/2.6.0/xmlbeans-2.6.0.jar:/home/diffblue/rabia.marzhiya/.m2/repository/stax/stax-api/1.0.1/stax-api-1.0.1.jar:/home/diffblue/rabia.marzhiya/.m2/repository/com/github/virtuald/curvesapi/1.04/curvesapi-1.04.jar:/home/diffblue/rabia.marzhiya/.m2/repository/org/apache/poi/poi/3.17/poi-3.17.jar:/home/diffblue/rabia.marzhiya/.m2/repository/commons-codec/commons-codec/1.10/commons-codec-1.10.jar:/home/diffblue/rabia.marzhiya/.m2/repository/org/apache/commons/commons-collections4/4.1/commons-collections4-4.1.jar:/home/diffblue/rabia.marzhiya/.m2/repository/org/seleniumhq/selenium/selenium-java/3.4.0/selenium-java-3.4.0.jar:/home/diffblue/rabia.marzhiya/.m2/repository/org/seleniumhq/selenium/selenium-api/3.4.0/selenium-api-3.4.0.jar:/home/diffblue/rabia.marzhiya/.m2/repository/org/seleniumhq/selenium/selenium-chrome-driver/3.4.0/selenium-chrome-driver-3.4.0.jar:/home/diffblue/rabia.marzhiya/.m2/repository/org/seleniumhq/selenium/selenium-edge-driver/3.4.0/selenium-edge-driver-3.4.0.jar:/home/diffblue/rabia.marzhiya/.m2/repository/org/seleniumhq/selenium/selenium-firefox-driver/3.4.0/selenium-firefox-driver-3.4.0.jar:/home/diffblue/rabia.marzhiya/.m2/repository/org/seleniumhq/selenium/selenium-ie-driver/3.4.0/selenium-ie-driver-3.4.0.jar:/home/diffblue/rabia.marzhiya/.m2/repository/org/seleniumhq/selenium/selenium-opera-driver/3.4.0/selenium-opera-driver-3.4.0.jar:/home/diffblue/rabia.marzhiya/.m2/repository/org/seleniumhq/selenium/selenium-remote-driver/3.4.0/selenium-remote-driver-3.4.0.jar:/home/diffblue/rabia.marzhiya/.m2/repository/org/seleniumhq/selenium/selenium-safari-driver/3.4.0/selenium-safari-driver-3.4.0.jar:/home/diffblue/rabia.marzhiya/.m2/repository/org/seleniumhq/selenium/selenium-support/3.4.0/selenium-support-3.4.0.jar:/home/diffblue/rabia.marzhiya/.m2/repository/cglib/cglib-nodep/3.2.4/cglib-nodep-3.2.4.jar:/home/diffblue/rabia.marzhiya/.m2/repository/org/apache/commons/commons-exec/1.3/commons-exec-1.3.jar:/home/diffblue/rabia.marzhiya/.m2/repository/org/apache/commons/commons-lang3/3.5/commons-lang3-3.5.jar:/home/diffblue/rabia.marzhiya/.m2/repository/commons-io/commons-io/2.5/commons-io-2.5.jar:/home/diffblue/rabia.marzhiya/.m2/repository/commons-logging/commons-logging/1.2/commons-logging-1.2.jar:/home/diffblue/rabia.marzhiya/.m2/repository/org/w3c/css/sac/1.3/sac-1.3.jar:/home/diffblue/rabia.marzhiya/.m2/repository/net/sourceforge/cssparser/cssparser/0.9.22/cssparser-0.9.22.jar:/home/diffblue/rabia.marzhiya/.m2/repository/com/google/code/gson/gson/2.8.0/gson-2.8.0.jar:/home/diffblue/rabia.marzhiya/.m2/repository/com/google/guava/guava/21.0/guava-21.0.jar:/home/diffblue/rabia.marzhiya/.m2/repository/org/hamcrest/hamcrest-core/1.3/hamcrest-core-1.3.jar:/home/diffblue/rabia.marzhiya/.m2/repository/net/sourceforge/htmlunit/htmlunit/2.26/htmlunit-2.26.jar:/home/diffblue/rabia.marzhiya/.m2/repository/net/sourceforge/htmlunit/htmlunit-core-js/2.26/htmlunit-core-js-2.26.jar:/home/diffblue/rabia.marzhiya/.m2/repository/net/sourceforge/htmlunit/neko-htmlunit/2.25/neko-htmlunit-2.25.jar:/home/diffblue/rabia.marzhiya/.m2/repository/org/apache/httpcomponents/httpclient/4.5.3/httpclient-4.5.3.jar:/home/diffblue/rabia.marzhiya/.m2/repository/org/apache/httpcomponents/httpcore/4.4.6/httpcore-4.4.6.jar:/home/diffblue/rabia.marzhiya/.m2/repository/org/apache/httpcomponents/httpmime/4.5.3/httpmime-4.5.3.jar:/home/diffblue/rabia.marzhiya/.m2/repository/org/eclipse/jetty/jetty-io/9.4.1.v20170120/jetty-io-9.4.1.v20170120.jar:/home/diffblue/rabia.marzhiya/.m2/repository/org/eclipse/jetty/jetty-util/9.4.1.v20170120/jetty-util-9.4.1.v20170120.jar:/home/diffblue/rabia.marzhiya/.m2/repository/net/java/dev/jna/jna/4.1.0/jna-4.1.0.jar:/home/diffblue/rabia.marzhiya/.m2/repository/net/java/dev/jna/jna-platform/4.1.0/jna-platform-4.1.0.jar:/home/diffblue/rabia.marzhiya/.m2/repository/com/codeborne/phantomjsdriver/1.4.0/phantomjsdriver-1.4.0.jar:/home/diffblue/rabia.marzhiya/.m2/repository/org/seleniumhq/selenium/htmlunit-driver/2.26/htmlunit-driver-2.26.jar:/home/diffblue/rabia.marzhiya/.m2/repository/javax/servlet/javax.servlet-api/3.1.0/javax.servlet-api-3.1.0.jar:/home/diffblue/rabia.marzhiya/.m2/repository/org/eclipse/jetty/websocket/websocket-api/9.4.3.v20170317/websocket-api-9.4.3.v20170317.jar:/home/diffblue/rabia.marzhiya/.m2/repository/org/eclipse/jetty/websocket/websocket-client/9.4.3.v20170317/websocket-client-9.4.3.v20170317.jar:/home/diffblue/rabia.marzhiya/.m2/repository/org/eclipse/jetty/jetty-client/9.4.3.v20170317/jetty-client-9.4.3.v20170317.jar:/home/diffblue/rabia.marzhiya/.m2/repository/org/eclipse/jetty/jetty-http/9.4.3.v20170317/jetty-http-9.4.3.v20170317.jar:/home/diffblue/rabia.marzhiya/.m2/repository/org/eclipse/jetty/websocket/websocket-common/9.4.3.v20170317/websocket-common-9.4.3.v20170317.jar:/home/diffblue/rabia.marzhiya/.m2/repository/xalan/serializer/2.7.2/serializer-2.7.2.jar:/home/diffblue/rabia.marzhiya/.m2/repository/xalan/xalan/2.7.2/xalan-2.7.2.jar:/home/diffblue/rabia.marzhiya/.m2/repository/xerces/xercesImpl/2.11.0/xercesImpl-2.11.0.jar:/home/diffblue/rabia.marzhiya/.m2/repository/xml-apis/xml-apis/1.4.01/xml-apis-1.4.01.jar:/home/diffblue/rabia.marzhiya/.m2/repository/io/github/bonigarcia/webdrivermanager/1.6.0/webdrivermanager-1.6.0.jar:/home/diffblue/rabia.marzhiya/.m2/repository/org/slf4j/slf4j-api/1.7.12/slf4j-api-1.7.12.jar:/home/diffblue/rabia.marzhiya/.m2/repository/com/typesafe/config/1.2.1/config-1.2.1.jar:/home/diffblue/rabia.marzhiya/.m2/repository/org/rauschig/jarchivelib/0.7.1/jarchivelib-0.7.1.jar:/home/diffblue/rabia.marzhiya/.m2/repository/org/apache/commons/commons-compress/1.9/commons-compress-1.9.jar:/home/diffblue/rabia.marzhiya/.m2/repository/org/jsoup/jsoup/1.9.2/jsoup-1.9.2.jar:/home/diffblue/rabia.marzhiya/.m2/repository/org/testng/testng/6.9.10/testng-6.9.10.jar:/home/diffblue/rabia.marzhiya/.m2/repository/com/beust/jcommander/1.48/jcommander-1.48.jar:/home/diffblue/rabia.marzhiya/.m2/repository/org/beanshell/bsh/2.0b4/bsh-2.0b4.jar:/home/diffblue/rabia.marzhiya/.m2/repository/org/apache/maven/surefire/surefire-testng-utils/2.20.1/surefire-testng-utils-2.20.1.jar:/home/diffblue/rabia.marzhiya/.m2/repository/org/apache/maven/surefire/surefire-grouper/2.20.1/surefire-grouper-2.20.1.jar:"/>
    <property name="sun.cpu.endian" value="little"/>
    <property name="user.home" value="/home/diffblue/rabia.marzhiya"/>
    <property name="user.language" value="en"/>
    <property name="java.specification.vendor" value="Oracle Corporation"/>
    <property name="java.home" value="/usr/lib/jvm/java-8-openjdk-amd64/jre"/>
    <property name="basedir" value="/home/diffblue/rabia.marzhiya/IdeaProjects/AutomationTask"/>
    <property name="file.separator" value="/"/>
    <property name="line.separator" value="&#10;"/>
    <property name="java.vm.specification.vendor" value="Oracle Corporation"/>
    <property name="java.specification.name" value="Java Platform API Specification"/>
    <property name="java.awt.graphicsenv" value="sun.awt.X11GraphicsEnvironment"/>
    <property name="surefire.real.class.path" value="/home/diffblue/rabia.marzhiya/IdeaProjects/AutomationTask/target/surefire/surefirebooter1644899491365323441.jar"/>
    <property name="sun.boot.class.path" value="/usr/lib/jvm/java-8-openjdk-amd64/jre/lib/resources.jar:/usr/lib/jvm/java-8-openjdk-amd64/jre/lib/rt.jar:/usr/lib/jvm/java-8-openjdk-amd64/jre/lib/sunrsasign.jar:/usr/lib/jvm/java-8-openjdk-amd64/jre/lib/jsse.jar:/usr/lib/jvm/java-8-openjdk-amd64/jre/lib/jce.jar:/usr/lib/jvm/java-8-openjdk-amd64/jre/lib/charsets.jar:/usr/lib/jvm/java-8-openjdk-amd64/jre/lib/jfr.jar:/usr/lib/jvm/java-8-openjdk-amd64/jre/classes"/>
    <property name="sun.management.compiler" value="HotSpot 64-Bit Tiered Compilers"/>
    <property name="java.runtime.version" value="1.8.0_151-8u151-b12-0ubuntu0.16.04.2-b12"/>
    <property name="user.name" value="rabia.marzhiya"/>
    <property name="path.separator" value=":"/>
    <property name="os.version" value="4.13.0-32-generic"/>
    <property name="java.endorsed.dirs" value="/usr/lib/jvm/java-8-openjdk-amd64/jre/lib/endorsed"/>
    <property name="java.runtime.name" value="OpenJDK Runtime Environment"/>
    <property name="file.encoding" value="UTF-8"/>
    <property name="java.vm.name" value="OpenJDK 64-Bit Server VM"/>
    <property name="localRepository" value="/home/diffblue/rabia.marzhiya/.m2/repository"/>
    <property name="java.vendor.url.bug" value="http://bugreport.sun.com/bugreport/"/>
    <property name="java.io.tmpdir" value="/tmp"/>
    <property name="java.version" value="1.8.0_151"/>
    <property name="user.dir" value="/home/diffblue/rabia.marzhiya/IdeaProjects/AutomationTask"/>
    <property name="os.arch" value="amd64"/>
    <property name="java.vm.specification.name" value="Java Virtual Machine Specification"/>
    <property name="java.awt.printerjob" value="sun.print.PSPrinterJob"/>
    <property name="sun.os.patch.level" value="unknown"/>
    <property name="java.library.path" value="/usr/java/packages/lib/amd64:/usr/lib/x86_64-linux-gnu/jni:/lib/x86_64-linux-gnu:/usr/lib/x86_64-linux-gnu:/usr/lib/jni:/lib:/usr/lib"/>
    <property name="java.vm.info" value="mixed mode"/>
    <property name="java.vendor" value="Oracle Corporation"/>
    <property name="java.vm.version" value="25.151-b12"/>
    <property name="java.ext.dirs" value="/usr/lib/jvm/java-8-openjdk-amd64/jre/lib/ext:/usr/java/packages/lib/ext"/>
    <property name="sun.io.unicode.encoding" value="UnicodeLittle"/>
    <property name="java.class.version" value="52.0"/>
  </properties>
  <testcase name="checkValidLogin" classname="com.interview.oracle.LoginTest" time="37.208"/>
  <testcase name="checkValidLogin" classname="com.interview.oracle.LoginTest" time="19.107"/>
  <testcase name="checkInvalidLogin" classname="com.interview.oracle.LoginTest" time="1.481"/>
  <testcase name="flightFinderFromToCityTest" classname="com.interview.oracle.FlightFinder" time="19.044"/>
  <testcase name="flightFinderPageTitleTest" classname="com.interview.oracle.FlightFinder" time="18.698"/>
  <testcase name="flightValidationTest" classname="com.interview.oracle.FlightFinder" time="5.281"/>
</testsuite>