<?xml version="1.0" encoding="UTF-8"?>
<!-- Generated by org.testng.reporters.JUnitReportReporter -->
<testsuite hostname="DB0276" name="com.interview.oracle.FlightFinder" tests="3" failures="0" timestamp="18 Feb 2018 11:12:05 GMT" time="49.348" errors="0">
  <testcase name="flightFinderFromToCityTest" time="21.129" classname="com.interview.oracle.FlightFinder"/>
  <testcase name="flightValidationTest" time="7.356" classname="com.interview.oracle.FlightFinder"/>
  <testcase name="flightFinderPageTitleTest" time="20.863" classname="com.interview.oracle.FlightFinder"/>
</testsuite> <!-- com.interview.oracle.FlightFinder -->
