<?xml version="1.0" encoding="UTF-8"?>
<!-- Generated by org.testng.reporters.JUnitReportReporter -->
<testsuite hostname="DB0276" name="com.interview.oracle.LoginTest" tests="3" failures="0" timestamp="18 Feb 2018 11:12:05 GMT" time="65.115" errors="0">
  <testcase name="checkInvalidLogin" time="3.599" classname="com.interview.oracle.LoginTest"/>
  <testcase name="checkValidLogin" time="22.125" classname="com.interview.oracle.LoginTest"/>
  <testcase name="checkValidLogin" time="39.391" classname="com.interview.oracle.LoginTest"/>
</testsuite> <!-- com.interview.oracle.LoginTest -->
